2025-05-12 16:54:31,340 - INFO - Starting RPC checks...
2025-05-12 16:54:31,560 - INFO - Latest block: 40026889
2025-05-12 16:54:31,648 - INFO - Latest nonce: 1992
2025-05-12 16:54:31,883 - INFO - Request events: 5
2025-05-12 16:54:31,884 - INFO - Deliver events: 0
2025-05-12 16:54:31,884 - INFO - Found 5 relevant events.
2025-05-12 16:54:31,884 - INFO - Sleeping before the next check...
2025-05-12 16:54:46,886 - INFO - Starting RPC checks...
2025-05-12 16:54:46,983 - INFO - Latest block: 40026892
2025-05-12 16:54:47,077 - INFO - Latest nonce: 1992
2025-05-12 16:54:47,303 - INFO - Request events: 4
2025-05-12 16:54:47,303 - INFO - Deliver events: 0
2025-05-12 16:54:47,303 - INFO - Found 4 relevant events.
2025-05-12 16:54:47,303 - INFO - Sleeping before the next check...
2025-05-12 16:55:02,308 - INFO - Starting RPC checks...
2025-05-12 16:55:02,404 - INFO - Latest block: 40026895
2025-05-12 16:55:02,493 - INFO - Latest nonce: 1992
2025-05-12 16:55:02,725 - INFO - Request events: 4
2025-05-12 16:55:02,725 - INFO - Deliver events: 0
2025-05-12 16:55:02,726 - INFO - Found 4 relevant events.
2025-05-12 16:55:02,726 - INFO - Sleeping before the next check...
2025-05-12 17:04:38,334 - INFO - Starting RPC checks...
2025-05-12 17:04:38,550 - INFO - Latest block: 40027004
2025-05-12 17:04:38,638 - INFO - Latest nonce: 1997
2025-05-12 17:04:38,894 - INFO - Request events: 4
2025-05-12 17:04:38,895 - INFO - Deliver events: 0
2025-05-12 17:04:38,895 - INFO - Found 4 relevant events.
2025-05-12 17:04:38,895 - INFO - Sleeping before the next check...
2025-05-12 17:08:00,517 - INFO - Starting RPC checks...
2025-05-12 17:08:00,732 - INFO - Latest block: 40027044
2025-05-12 17:08:00,819 - INFO - Latest nonce: 1998
2025-05-12 17:08:01,037 - INFO - Request events: 3
2025-05-12 17:08:01,037 - INFO - Deliver events: 0
2025-05-12 17:08:01,037 - INFO - Found 3 relevant events.
2025-05-12 17:08:01,037 - INFO - Sleeping before the next check...
